<?xml version="1.0" encoding="UTF-8"?>
<!-- Generated by org.testng.reporters.JUnitReportReporter -->
<testsuite hostname="Oscar-G" failures="0" tests="1" name="tests.SearchText" time="3.597" errors="0" timestamp="2024-02-01T01:04:14 COT" skipped="0">
  <testcase classname="tests.SearchText" name="searchText" time="3.597"/>
  <system-out/>
</testsuite> <!-- tests.SearchText -->
